<?xml version="1.0" encoding="UTF-8"?>
<testng-results total="3" passed="3" failed="0" skipped="0">
  <reporter-output>
  </reporter-output>
  <suite started-at="2018-04-25T16:39:31Z" name="Default suite" finished-at="2018-04-25T16:39:55Z" duration-ms="24234">
    <groups>
    </groups>
    <test started-at="2018-04-25T16:39:31Z" name="Default test" finished-at="2018-04-25T16:39:55Z" duration-ms="24234">
      <class name="test.TestOutlook">
        <test-method is-config="true" signature="beforeInit()[pri:0, instance:test.TestOutlook@7a8c8dcf]" started-at="2018-04-25T19:39:31Z" name="beforeInit" finished-at="2018-04-25T19:39:33Z" duration-ms="2404" status="PASS">
          <reporter-output>
          </reporter-output>
        </test-method> <!-- beforeInit -->
        <test-method signature="test1()[pri:0, instance:test.TestOutlook@7a8c8dcf]" started-at="2018-04-25T19:39:33Z" name="test1" finished-at="2018-04-25T19:39:45Z" duration-ms="11528" status="PASS">
          <reporter-output>
          </reporter-output>
        </test-method> <!-- test1 -->
        <test-method signature="test2()[pri:0, instance:test.TestOutlook@7a8c8dcf]" started-at="2018-04-25T19:39:45Z" name="test2" finished-at="2018-04-25T19:39:48Z" duration-ms="2954" status="PASS">
          <reporter-output>
          </reporter-output>
        </test-method> <!-- test2 -->
        <test-method signature="test3()[pri:0, instance:test.TestOutlook@7a8c8dcf]" started-at="2018-04-25T19:39:48Z" name="test3" finished-at="2018-04-25T19:39:52Z" duration-ms="4386" status="PASS">
          <reporter-output>
          </reporter-output>
        </test-method> <!-- test3 -->
        <test-method is-config="true" signature="closeBrowser()[pri:0, instance:test.TestOutlook@7a8c8dcf]" started-at="2018-04-25T19:39:52Z" name="closeBrowser" finished-at="2018-04-25T19:39:55Z" duration-ms="2951" status="PASS">
          <reporter-output>
          </reporter-output>
        </test-method> <!-- closeBrowser -->
      </class> <!-- test.TestOutlook -->
    </test> <!-- Default test -->
  </suite> <!-- Default suite -->
</testng-results>
